\BOOKMARK [0][-]{bm:Title.0}{Title Page}{}% 1
\BOOKMARK [0][-]{bm:Title.0}{Title Page}{}% 2
\BOOKMARK [0][-]{bm:Accept.0}{Certificate Page}{}% 3
\BOOKMARK [0][-]{bm:Declaration.0}{Declaration}{}% 4
\BOOKMARK [0][-]{bm:Acknowledge.0}{Acknowledgments}{}% 5
\BOOKMARK [0][-]{bm:Abstract.0}{Abstract}{}% 6
\BOOKMARK [0][-]{section*.3}{Table of Contents}{}% 7
\BOOKMARK [0][-]{section*.5}{List of Figures}{}% 8
\BOOKMARK [0][-]{chapter.1}{1 Introduction}{}% 9
\BOOKMARK [1][-]{section.1.1}{1.1 Motivation}{chapter.1}% 10
\BOOKMARK [2][-]{subsection.1.1.1}{1.1.1 First contribution}{section.1.1}% 11
\BOOKMARK [2][-]{subsection.1.1.2}{1.1.2 Second contribution}{section.1.1}% 12
\BOOKMARK [1][-]{section.1.2}{1.2 Objective of the thesis}{chapter.1}% 13
\BOOKMARK [1][-]{section.1.3}{1.3 Contribution of the thesis}{chapter.1}% 14
\BOOKMARK [1][-]{section.1.4}{1.4 Organization of the thesis}{chapter.1}% 15
\BOOKMARK [0][-]{chapter.2}{2 Literature Review}{}% 16
\BOOKMARK [0][-]{chapter.3}{3 First Contribution}{}% 17
\BOOKMARK [1][-]{section.3.1}{3.1 How Microsoft detects anomaly in azure}{chapter.3}% 18
\BOOKMARK [1][-]{section.3.2}{3.2 How Amazon finds anomalies in AWS}{chapter.3}% 19
\BOOKMARK [1][-]{section.3.3}{3.3 How Google finds anomalies in GCP cloud }{chapter.3}% 20
\BOOKMARK [0][-]{chapter.4}{4 Second Contribution}{}% 21
\BOOKMARK [0][-]{chapter.5}{5 Conclusion}{}% 22
\BOOKMARK [0][-]{section*.12}{Bibliography}{}% 23
\BOOKMARK [0][-]{section*.13}{Author's Biography}{}% 24
