This is pdfTeX, Version 3.14159265-2.6-1.40.21 (MiKTeX 2.9.7300 64-bit) (preloaded format=pdflatex 2020.3.8)  13 MAR 2020 02:29
entering extended mode
**./thesis.tex
(thesis.tex
LaTeX2e <2020-02-02> patch level 2
L3 programming layer <2020-02-14> (iiitg.cls
Document Class: iiitg 

("C:\Users\Bipin Kumar Mishr\tapas data\installation\latex\miktex\tex/latex/bas
e\book.cls"
Document Class: book 2019/12/20 v1.4l Standard LaTeX document class

("C:\Users\Bipin Kumar Mishr\tapas data\installation\latex\miktex\tex/latex/bas
e\bk11.clo"
File: bk11.clo 2019/12/20 v1.4l Standard LaTeX file (size option)
)
\c@part=\count167
\c@chapter=\count168
\c@section=\count169
\c@subsection=\count170
\c@subsubsection=\count171
\c@paragraph=\count172
\c@subparagraph=\count173
\c@figure=\count174
\c@table=\count175
\abovecaptionskip=\skip47
\belowcaptionskip=\skip48
\bibindent=\dimen134
)
("C:\Users\Bipin Kumar Mishr\tapas data\installation\latex\miktex\tex/latex/too
ls\afterpage.sty"
Package: afterpage 2014/10/28 v1.08 After-Page Package (DPC)
\AP@output=\toks14
\AP@partial=\box45
\AP@footins=\box46
))
("C:\Users\Bipin Kumar Mishr\tapas data\installation\latex\miktex\tex/latex/emp
typage\emptypage.sty"
Package: emptypage 2010/05/30 v1.2 Suppress page numbers and headings on empty 
pages
)
("C:\Users\Bipin Kumar Mishr\tapas data\installation\latex\miktex\tex/latex/cha
ngepage\changepage.sty"
Package: changepage 2009/10/20 v1.0c check page and change page layout
\c@cp@cntr=\count176
\cp@tempcnt=\count177
LaTeX Info: Redefining \ch@ngetext on input line 80.
)
("C:\Users\Bipin Kumar Mishr\tapas data\installation\latex\miktex\tex/latex/bas
e\ifthen.sty"
Package: ifthen 2014/09/29 v1.1c Standard LaTeX ifthen package (DPC)
)
("C:\Users\Bipin Kumar Mishr\tapas data\installation\latex\miktex\tex/latex/pdf
pages\pdfpages.sty"
Package: pdfpages 2020/01/28 v0.5q Insert pages of external PDF documents (AM)

("C:\Users\Bipin Kumar Mishr\tapas data\installation\latex\miktex\tex/latex/too
ls\calc.sty"
Package: calc 2017/05/25 v4.3 Infix arithmetic (KKT,FJ)
\calc@Acount=\count178
\calc@Bcount=\count179
\calc@Adimen=\dimen135
\calc@Bdimen=\dimen136
\calc@Askip=\skip49
\calc@Bskip=\skip50
LaTeX Info: Redefining \setlength on input line 80.
LaTeX Info: Redefining \addtolength on input line 81.
\calc@Ccount=\count180
\calc@Cskip=\skip51
)
("C:\Users\Bipin Kumar Mishr\tapas data\installation\latex\miktex\tex/latex/eso
-pic\eso-pic.sty"
Package: eso-pic 2018/04/12 v2.0h eso-pic (RN)

("C:\Users\Bipin Kumar Mishr\tapas data\installation\latex\miktex\tex/generic/a
tbegshi\atbegshi.sty"
Package: atbegshi 2019/12/05 v1.19 At begin shipout hook (HO)

("C:\Users\Bipin Kumar Mishr\tapas data\installation\latex\miktex\tex/generic/i
nfwarerr\infwarerr.sty"
Package: infwarerr 2019/12/03 v1.5 Providing info/warning/error messages (HO)
)
("C:\Users\Bipin Kumar Mishr\tapas data\installation\latex\miktex\tex/generic/l
txcmds\ltxcmds.sty"
Package: ltxcmds 2019/12/15 v1.24 LaTeX kernel commands for general use (HO)
)
("C:\Users\Bipin Kumar Mishr\tapas data\installation\latex\miktex\tex/generic/i
ftex\iftex.sty"
Package: iftex 2019/11/07 v1.0c TeX engine tests
))
("C:\Users\Bipin Kumar Mishr\tapas data\installation\latex\miktex\tex/latex/gra
phics\keyval.sty"
Package: keyval 2014/10/28 v1.15 key=value parser (DPC)
\KV@toks@=\toks15
)
("C:\Users\Bipin Kumar Mishr\tapas data\installation\latex\miktex\tex/latex/xco
lor\xcolor.sty"
Package: xcolor 2016/05/11 v2.12 LaTeX color extensions (UK)

("C:\Users\Bipin Kumar Mishr\tapas data\installation\latex\miktex\tex/latex/gra
phics-cfg\color.cfg"
File: color.cfg 2016/01/02 v1.6 sample color configuration
)
Package xcolor Info: Driver file: pdftex.def on input line 225.

("C:\Users\Bipin Kumar Mishr\tapas data\installation\latex\miktex\tex/latex/gra
phics-def\pdftex.def"
File: pdftex.def 2018/01/08 v1.0l Graphics/color driver for pdftex
)
Package xcolor Info: Model `cmy' substituted by `cmy0' on input line 1348.
Package xcolor Info: Model `hsb' substituted by `rgb' on input line 1352.
Package xcolor Info: Model `RGB' extended on input line 1364.
Package xcolor Info: Model `HTML' substituted by `rgb' on input line 1366.
Package xcolor Info: Model `Hsb' substituted by `hsb' on input line 1367.
Package xcolor Info: Model `tHsb' substituted by `hsb' on input line 1368.
Package xcolor Info: Model `HSB' substituted by `hsb' on input line 1369.
Package xcolor Info: Model `Gray' substituted by `gray' on input line 1370.
Package xcolor Info: Model `wave' substituted by `hsb' on input line 1371.
))
("C:\Users\Bipin Kumar Mishr\tapas data\installation\latex\miktex\tex/latex/gra
phics\graphicx.sty"
Package: graphicx 2019/11/30 v1.2a Enhanced LaTeX Graphics (DPC,SPQR)

("C:\Users\Bipin Kumar Mishr\tapas data\installation\latex\miktex\tex/latex/gra
phics\graphics.sty"
Package: graphics 2019/11/30 v1.4a Standard LaTeX Graphics (DPC,SPQR)

("C:\Users\Bipin Kumar Mishr\tapas data\installation\latex\miktex\tex/latex/gra
phics\trig.sty"
Package: trig 2016/01/03 v1.10 sin cos tan (DPC)
)
("C:\Users\Bipin Kumar Mishr\tapas data\installation\latex\miktex\tex/latex/gra
phics-cfg\graphics.cfg"
File: graphics.cfg 2016/06/04 v1.11 sample graphics configuration
)
Package graphics Info: Driver file: pdftex.def on input line 105.
)
\Gin@req@height=\dimen137
\Gin@req@width=\dimen138
)
\AM@pagewidth=\dimen139
\AM@pageheight=\dimen140

("C:\Users\Bipin Kumar Mishr\tapas data\installation\latex\miktex\tex/latex/pdf
pages\pppdftex.def"
File: pppdftex.def 2020/01/28 v0.5q Pdfpages driver for pdfTeX (AM)
)
\AM@pagebox=\box47
\AM@global@opts=\toks16
\AM@pagecnt=\count181
\AM@toc@title=\toks17
\c@AM@survey=\count182
\AM@templatesizebox=\box48
)
("C:\Users\Bipin Kumar Mishr\tapas data\installation\latex\miktex\tex/latex/geo
metry\geometry.sty"
Package: geometry 2020/01/02 v5.9 Page Geometry

("C:\Users\Bipin Kumar Mishr\tapas data\installation\latex\miktex\tex/generic/i
ftex\ifvtex.sty"
Package: ifvtex 2019/10/25 v1.7 ifvtex legacy package. Use iftex instead.
)
\Gm@cnth=\count183
\Gm@cntv=\count184
\c@Gm@tempcnt=\count185
\Gm@bindingoffset=\dimen141
\Gm@wd@mp=\dimen142
\Gm@odd@mp=\dimen143
\Gm@even@mp=\dimen144
\Gm@layoutwidth=\dimen145
\Gm@layoutheight=\dimen146
\Gm@layouthoffset=\dimen147
\Gm@layoutvoffset=\dimen148
\Gm@dimlist=\toks18

("C:\Users\Bipin Kumar Mishr\tapas data\installation\latex\miktex\tex/latex/geo
metry\geometry.cfg"))
("C:\Users\Bipin Kumar Mishr\tapas data\installation\latex\miktex\tex/latex/jkn
appen\mathrsfs.sty"
Package: mathrsfs 1996/01/01 Math RSFS package v1.0 (jk)
\symrsfs=\mathgroup4
)
("C:\Users\Bipin Kumar Mishr\tapas data\installation\latex\miktex\tex/latex/alg
orithms\algorithm.sty"
Package: algorithm 2009/08/24 v0.1 Document Style `algorithm' - floating enviro
nment

("C:\Users\Bipin Kumar Mishr\tapas data\installation\latex\miktex\tex/latex/flo
at\float.sty"
Package: float 2001/11/08 v1.3d Float enhancements (AL)
\c@float@type=\count186
\float@exts=\toks19
\float@box=\box49
\@float@everytoks=\toks20
\@floatcapt=\box50
)
\@float@every@algorithm=\toks21
\c@algorithm=\count187
)
("C:\Users\Bipin Kumar Mishr\tapas data\installation\latex\miktex\tex/latex/alg
orithmicx\algpseudocode.sty"
Package: algpseudocode 

("C:\Users\Bipin Kumar Mishr\tapas data\installation\latex\miktex\tex/latex/alg
orithmicx\algorithmicx.sty"
Package: algorithmicx 2005/04/27 v1.2 Algorithmicx

Document Style algorithmicx 1.2 - a greatly improved `algorithmic' style
\c@ALG@line=\count188
\c@ALG@rem=\count189
\c@ALG@nested=\count190
\ALG@tlm=\skip52
\ALG@thistlm=\skip53
\c@ALG@Lnr=\count191
\c@ALG@blocknr=\count192
\c@ALG@storecount=\count193
\c@ALG@tmpcounter=\count194
\ALG@tmplength=\skip54
)
Document Style - pseudocode environments for use with the `algorithmicx' style
)
("C:\Users\Bipin Kumar Mishr\tapas data\installation\latex\miktex\tex/latex/com
ment\comment.sty"
\CommentStream=\write3
 Excluding comment 'comment')
("C:\Users\Bipin Kumar Mishr\tapas data\installation\latex\miktex\tex/latex/ary
dshln\arydshln.sty"
Package: arydshln 2019/02/21 v1.76 
\dashlinedash=\dimen149
\dashlinegap=\dimen150
\adl@box=\box51
\adl@height=\dimen151
\adl@heightsave=\dimen152
\adl@depth=\dimen153
\adl@depthsave=\dimen154
\adl@finaldepth=\dimen155
\adl@columns=\count195
\adl@ncol=\count196
\adl@currentcolumn=\count197
\adl@currentcolumnsave=\count198
\adl@totalheight=\count199
\adl@totalheightsave=\count266
\adl@dash=\count267
\adl@gap=\count268
\adl@cla=\count269
\adl@clb=\count270
\adl@everyvbox=\toks22
\adl@LTpagetotal=\dimen156
)
("C:\Users\Bipin Kumar Mishr\tapas data\installation\latex\miktex\tex/latex/ams
fonts\amsfonts.sty"
Package: amsfonts 2013/01/14 v3.01 Basic AMSFonts support
\@emptytoks=\toks23
\symAMSa=\mathgroup5
\symAMSb=\mathgroup6
LaTeX Font Info:    Redeclaring math symbol \hbar on input line 98.
LaTeX Font Info:    Overwriting math alphabet `\mathfrak' in version `bold'
(Font)                  U/euf/m/n --> U/euf/b/n on input line 106.
)
("C:\Users\Bipin Kumar Mishr\tapas data\installation\latex\miktex\tex/latex/ams
fonts\amssymb.sty"
Package: amssymb 2013/01/14 v3.01 AMS font symbols
)
("C:\Users\Bipin Kumar Mishr\tapas data\installation\latex\miktex\tex/latex/ams
math\amsmath.sty"
Package: amsmath 2020/01/20 v2.17e AMS math features
\@mathmargin=\skip55

For additional information on amsmath, use the `?' option.

("C:\Users\Bipin Kumar Mishr\tapas data\installation\latex\miktex\tex/latex/ams
math\amstext.sty"
Package: amstext 2000/06/29 v2.01 AMS text

("C:\Users\Bipin Kumar Mishr\tapas data\installation\latex\miktex\tex/latex/ams
math\amsgen.sty"
File: amsgen.sty 1999/11/30 v2.0 generic functions
\@emptytoks=\toks24
\ex@=\dimen157
))
("C:\Users\Bipin Kumar Mishr\tapas data\installation\latex\miktex\tex/latex/ams
math\amsbsy.sty"
Package: amsbsy 1999/11/29 v1.2d Bold Symbols
\pmbraise@=\dimen158
)
("C:\Users\Bipin Kumar Mishr\tapas data\installation\latex\miktex\tex/latex/ams
math\amsopn.sty"
Package: amsopn 2016/03/08 v2.02 operator names
)
\inf@bad=\count271
LaTeX Info: Redefining \frac on input line 227.
\uproot@=\count272
\leftroot@=\count273
LaTeX Info: Redefining \overline on input line 389.
\classnum@=\count274
\DOTSCASE@=\count275
LaTeX Info: Redefining \ldots on input line 486.
LaTeX Info: Redefining \dots on input line 489.
LaTeX Info: Redefining \cdots on input line 610.
\Mathstrutbox@=\box52
\strutbox@=\box53
\big@size=\dimen159
LaTeX Font Info:    Redeclaring font encoding OML on input line 733.
LaTeX Font Info:    Redeclaring font encoding OMS on input line 734.
\macc@depth=\count276
\c@MaxMatrixCols=\count277
\dotsspace@=\muskip16
\c@parentequation=\count278
\dspbrk@lvl=\count279
\tag@help=\toks25
\row@=\count280
\column@=\count281
\maxfields@=\count282
\andhelp@=\toks26
\eqnshift@=\dimen160
\alignsep@=\dimen161
\tagshift@=\dimen162
\tagwidth@=\dimen163
\totwidth@=\dimen164
\lineht@=\dimen165
\@envbody=\toks27
\multlinegap=\skip56
\multlinetaggap=\skip57
\mathdisplay@stack=\toks28
LaTeX Info: Redefining \[ on input line 2859.
LaTeX Info: Redefining \] on input line 2860.
)
("C:\Users\Bipin Kumar Mishr\tapas data\installation\latex\miktex\tex/latex/gra
phics\epsfig.sty"
Package: epsfig 2017/06/25 v1.7b (e)psfig emulation (SPQR)
\epsfxsize=\dimen166
\epsfysize=\dimen167
)
("C:\Users\Bipin Kumar Mishr\tapas data\installation\latex\miktex\tex/latex/eps
topdf-pkg\epstopdf.sty"
Package: epstopdf 2020-01-24 v2.11 Conversion with epstopdf on the fly (HO)

("C:\Users\Bipin Kumar Mishr\tapas data\installation\latex\miktex\tex/latex/grf
ext\grfext.sty"
Package: grfext 2019/12/03 v1.3 Manage graphics extensions (HO)

("C:\Users\Bipin Kumar Mishr\tapas data\installation\latex\miktex\tex/generic/k
vdefinekeys\kvdefinekeys.sty"
Package: kvdefinekeys 2019-12-19 v1.6 Define keys (HO)
))
("C:\Users\Bipin Kumar Mishr\tapas data\installation\latex\miktex\tex/latex/kvo
ptions\kvoptions.sty"
Package: kvoptions 2019/11/29 v3.13 Key value format for package options (HO)

("C:\Users\Bipin Kumar Mishr\tapas data\installation\latex\miktex\tex/generic/k
vsetkeys\kvsetkeys.sty"
Package: kvsetkeys 2019/12/15 v1.18 Key value parser (HO)
))
("C:\Users\Bipin Kumar Mishr\tapas data\installation\latex\miktex\tex/latex/pdf
texcmds\pdftexcmds.sty"
Package: pdftexcmds 2019/11/24 v0.31 Utility functions of pdfTeX for LuaTeX (HO
)
Package pdftexcmds Info: \pdf@primitive is available.
Package pdftexcmds Info: \pdf@ifprimitive is available.
Package pdftexcmds Info: \pdfdraftmode found.
)
("C:\Users\Bipin Kumar Mishr\tapas data\installation\latex\miktex\tex/latex/eps
topdf-pkg\epstopdf-base.sty"
Package: epstopdf-base 2020-01-24 v2.11 Base part for package epstopdf
Package epstopdf-base Info: Redefining graphics rule for `.eps' on input line 4
85.
Package grfext Info: Graphics extension search list:
(grfext)             [.pdf,.png,.jpg,.mps,.jpeg,.jbig2,.jb2,.PDF,.PNG,.JPG,.JPE
G,.JBIG2,.JB2,.eps]
(grfext)             \AppendGraphicsExtensions on input line 504.
))
("C:\Users\Bipin Kumar Mishr\tapas data\installation\latex\miktex\tex/latex/too
ls\enumerate.sty"
Package: enumerate 2015/07/23 v3.00 enumerate extensions (DPC)
\@enLab=\toks29
)
("C:\Users\Bipin Kumar Mishr\tapas data\installation\latex\miktex\tex/latex/sub
fig\subfig.sty"
Package: subfig 2005/06/28 ver: 1.3 subfig package

("C:\Users\Bipin Kumar Mishr\tapas data\installation\latex\miktex\tex/latex/cap
tion\caption.sty"
Package: caption 2020/01/03 v3.4h Customizing captions (AR)

("C:\Users\Bipin Kumar Mishr\tapas data\installation\latex\miktex\tex/latex/cap
tion\caption3.sty"
Package: caption3 2020/01/03 v1.8h caption3 kernel (AR)
Package caption3 Info: TeX engine: e-TeX on input line 61.
\captionmargin=\dimen168
\captionmargin@=\dimen169
\captionwidth=\dimen170
\caption@tempdima=\dimen171
\caption@indent=\dimen172
\caption@parindent=\dimen173
\caption@hangindent=\dimen174
Package caption Info: Standard document class detected.
)
\c@caption@flags=\count283
\c@continuedfloat=\count284
Package caption Info: float package is loaded.
)
\c@KVtest=\count285
\sf@farskip=\skip58
\sf@captopadj=\dimen175
\sf@capskip=\skip59
\sf@nearskip=\skip60
\c@subfigure=\count286
\c@subfigure@save=\count287
\c@lofdepth=\count288
\c@subtable=\count289
\c@subtable@save=\count290
\c@lotdepth=\count291
\sf@top=\skip61
\sf@bottom=\skip62
)
("C:\Users\Bipin Kumar Mishr\tapas data\installation\latex\miktex\tex/latex/mul
tirow\multirow.sty"
Package: multirow 2019/05/31 v2.5 Span multiple rows of a table
\multirow@colwidth=\skip63
\multirow@cntb=\count292
\multirow@dima=\skip64
\bigstrutjot=\dimen176
)
("C:\Users\Bipin Kumar Mishr\tapas data\installation\latex\miktex\tex/latex/gra
phics\rotating.sty"
Package: rotating 2016/08/11 v2.16d rotated objects in LaTeX
\c@r@tfl@t=\count293
\rotFPtop=\skip65
\rotFPbot=\skip66
\rot@float@box=\box54
\rot@mess@toks=\toks30
)
("C:\Users\Bipin Kumar Mishr\tapas data\installation\latex\miktex\tex/latex/psn
fss\times.sty"
Package: times 2005/04/12 PSNFSS-v9.2a (SPQR) 
)
("C:\Users\Bipin Kumar Mishr\tapas data\installation\latex\miktex\tex/latex/gra
phics\lscape.sty"
Package: lscape 2000/10/22 v3.01 Landscape Pages (DPC)
)
("C:\Users\Bipin Kumar Mishr\tapas data\installation\latex\miktex\tex/latex/foo
tmisc\footmisc.sty"
Package: footmisc 2011/06/06 v5.5b a miscellany of footnote facilities
\FN@temptoken=\toks31
\footnotemargin=\dimen177
\c@pp@next@reset=\count294
Package footmisc Info: Declaring symbol style bringhurst on input line 855.
Package footmisc Info: Declaring symbol style chicago on input line 863.
Package footmisc Info: Declaring symbol style wiley on input line 872.
Package footmisc Info: Declaring symbol style lamport-robust on input line 883.

Package footmisc Info: Declaring symbol style lamport* on input line 903.
Package footmisc Info: Declaring symbol style lamport*-robust on input line 924
.
)
("C:\Users\Bipin Kumar Mishr\tapas data\installation\latex\miktex\tex/latex/boo
ktabs\booktabs.sty"
Package: booktabs 2020/01/12 v1.61803398 Publication quality tables
\heavyrulewidth=\dimen178
\lightrulewidth=\dimen179
\cmidrulewidth=\dimen180
\belowrulesep=\dimen181
\belowbottomsep=\dimen182
\aboverulesep=\dimen183
\abovetopsep=\dimen184
\cmidrulesep=\dimen185
\cmidrulekern=\dimen186
\defaultaddspace=\dimen187
\@cmidla=\count295
\@cmidlb=\count296
\@aboverulesep=\dimen188
\@belowrulesep=\dimen189
\@thisruleclass=\count297
\@lastruleclass=\count298
\@thisrulewidth=\dimen190
)
("C:\Users\Bipin Kumar Mishr\tapas data\installation\latex\miktex\tex/latex/col
ortbl\colortbl.sty"
Package: colortbl 2020/01/04 v1.0e Color table columns (DPC)

("C:\Users\Bipin Kumar Mishr\tapas data\installation\latex\miktex\tex/latex/too
ls\array.sty"
Package: array 2019/08/31 v2.4l Tabular extension package (FMi)
\col@sep=\dimen191
\ar@mcellbox=\box55
\extrarowheight=\dimen192
\NC@list=\toks32
\extratabsurround=\skip67
\backup@length=\skip68
\ar@cellbox=\box56
)
\everycr=\toks33
\minrowclearance=\skip69
)
("C:\Users\Bipin Kumar Mishr\tapas data\installation\latex\miktex\tex/latex/thr
eeparttable\threeparttable.sty"
Package: threeparttable 2003/06/13  v 3.0
\@tempboxb=\box57
)
("C:\Users\Bipin Kumar Mishr\tapas data\installation\latex\miktex\tex/latex/ams
cls\amsthm.sty"
Package: amsthm 2017/10/31 v2.20.4
\thm@style=\toks34
\thm@bodyfont=\toks35
\thm@headfont=\toks36
\thm@notefont=\toks37
\thm@headpunct=\toks38
\thm@preskip=\skip70
\thm@postskip=\skip71
\thm@headsep=\skip72
\dth@everypar=\toks39
)
("C:\Users\Bipin Kumar Mishr\tapas data\installation\latex\miktex\tex/latex/bas
e\fixltx2e.sty"
Package: fixltx2e 2016/12/29 v2.1a fixes to LaTeX (obsolete)
Applying: [2015/01/01] Old fixltx2e package on input line 46.


Package fixltx2e Warning: fixltx2e is not required with releases after 2015
(fixltx2e)                All fixes are now in the LaTeX kernel.
(fixltx2e)                See the latexrelease package for details.

Already applied: [0000/00/00] Old fixltx2e package on input line 53.
)
("C:\Users\Bipin Kumar Mishr\tapas data\installation\latex\miktex\tex/latex/fan
cyhdr\fancyhdr.sty"
Package: fancyhdr 2019/01/31 v3.10 Extensive control of page headers and footer
s
\f@nch@headwidth=\skip73
\f@nch@O@elh=\skip74
\f@nch@O@erh=\skip75
\f@nch@O@olh=\skip76
\f@nch@O@orh=\skip77
\f@nch@O@elf=\skip78
\f@nch@O@erf=\skip79
\f@nch@O@olf=\skip80
\f@nch@O@orf=\skip81
)

Package Fancyhdr Warning: \fancyhead's `E' option without twoside option is use
less on input line 167.


Package Fancyhdr Warning: \fancyhead's `E' option without twoside option is use
less on input line 168.


("C:\Users\Bipin Kumar Mishr\tapas data\installation\latex\miktex\tex/latex/cit
e\cite.sty"
LaTeX Info: Redefining \cite on input line 302.
LaTeX Info: Redefining \nocite on input line 332.
Package: cite 2015/02/27  v 5.5
)
("C:\Users\Bipin Kumar Mishr\tapas data\installation\latex\miktex\tex/latex/bas
e\makeidx.sty"
Package: makeidx 2014/09/29 v1.0m Standard LaTeX package
)
\@indexfile=\write4
\openout4 = `thesis.idx'.


Writing index file thesis.idx

("C:\Users\Bipin Kumar Mishr\tapas data\installation\latex\miktex\tex/latex/url
\url.sty"
\Urlmuskip=\muskip17
Package: url 2013/09/16  ver 3.4  Verb mode for urls, etc.
)
("C:\Users\Bipin Kumar Mishr\tapas data\installation\latex\miktex\tex/latex/hyp
erref\hyperref.sty"
Package: hyperref 2020/01/14 v7.00d Hypertext links for LaTeX

("C:\Users\Bipin Kumar Mishr\tapas data\installation\latex\miktex\tex/generic/p
dfescape\pdfescape.sty"
Package: pdfescape 2019/12/09 v1.15 Implements pdfTeX's escape features (HO)
)
("C:\Users\Bipin Kumar Mishr\tapas data\installation\latex\miktex\tex/latex/hyc
olor\hycolor.sty"
Package: hycolor 2020-01-27 v1.10 Color options for hyperref/bookmark (HO)
)
("C:\Users\Bipin Kumar Mishr\tapas data\installation\latex\miktex\tex/latex/let
ltxmacro\letltxmacro.sty"
Package: letltxmacro 2019/12/03 v1.6 Let assignment for LaTeX macros (HO)
)
("C:\Users\Bipin Kumar Mishr\tapas data\installation\latex\miktex\tex/latex/aux
hook\auxhook.sty"
Package: auxhook 2019-12-17 v1.6 Hooks for auxiliary files (HO)
)
\@linkdim=\dimen193
\Hy@linkcounter=\count299
\Hy@pagecounter=\count300

("C:\Users\Bipin Kumar Mishr\tapas data\installation\latex\miktex\tex/latex/hyp
erref\pd1enc.def"
File: pd1enc.def 2020/01/14 v7.00d Hyperref: PDFDocEncoding definition (HO)
Now handling font encoding PD1 ...
... no UTF-8 mapping file for font encoding PD1
)
("C:\Users\Bipin Kumar Mishr\tapas data\installation\latex\miktex\tex/generic/i
ntcalc\intcalc.sty"
Package: intcalc 2019/12/15 v1.3 Expandable calculations with integers (HO)
)
("C:\Users\Bipin Kumar Mishr\tapas data\installation\latex\miktex\tex/generic/e
texcmds\etexcmds.sty"
Package: etexcmds 2019/12/15 v1.7 Avoid name clashes with e-TeX commands (HO)
)
\Hy@SavedSpaceFactor=\count301
Package hyperref Info: Option `bookmarksnumbered' set `true' on input line 4421
.
Package hyperref Info: Option `pdfpagelabels' set `true' on input line 4421.
Package hyperref Info: Option `plainpages' set `false' on input line 4421.
Package hyperref Info: Option `colorlinks' set `true' on input line 4421.
Package hyperref Info: Hyper figures OFF on input line 4547.
Package hyperref Info: Link nesting OFF on input line 4552.
Package hyperref Info: Hyper index ON on input line 4555.
Package hyperref Info: Plain pages OFF on input line 4562.
Package hyperref Info: Backreferencing OFF on input line 4567.
Package hyperref Info: Implicit mode ON; LaTeX internals redefined.
Package hyperref Info: Bookmarks ON on input line 4800.
\c@Hy@tempcnt=\count302
LaTeX Info: Redefining \url on input line 5159.
\XeTeXLinkMargin=\dimen194

("C:\Users\Bipin Kumar Mishr\tapas data\installation\latex\miktex\tex/generic/b
itset\bitset.sty"
Package: bitset 2019/12/09 v1.3 Handle bit-vector datatype (HO)

("C:\Users\Bipin Kumar Mishr\tapas data\installation\latex\miktex\tex/generic/b
igintcalc\bigintcalc.sty"
Package: bigintcalc 2019/12/15 v1.5 Expandable calculations on big integers (HO
)
))
\Fld@menulength=\count303
\Field@Width=\dimen195
\Fld@charsize=\dimen196
Package hyperref Info: Hyper figures OFF on input line 6430.
Package hyperref Info: Link nesting OFF on input line 6435.
Package hyperref Info: Hyper index ON on input line 6438.
Package hyperref Info: backreferencing OFF on input line 6445.
Package hyperref Info: Link coloring ON on input line 6448.
Package hyperref Info: Link coloring with OCG OFF on input line 6455.
Package hyperref Info: PDF/A mode OFF on input line 6460.
LaTeX Info: Redefining \ref on input line 6500.
LaTeX Info: Redefining \pageref on input line 6504.
\Hy@abspage=\count304
\c@Item=\count305
\c@Hfootnote=\count306
)
Package hyperref Info: Driver (autodetected): hpdftex.

("C:\Users\Bipin Kumar Mishr\tapas data\installation\latex\miktex\tex/latex/hyp
erref\hpdftex.def"
File: hpdftex.def 2020/01/14 v7.00d Hyperref driver for pdfTeX

("C:\Users\Bipin Kumar Mishr\tapas data\installation\latex\miktex\tex/latex/atv
eryend\atveryend.sty"
Package: atveryend 2019-12-11 v1.11 Hooks at the very end of document (HO)
Package atveryend Info: \AP@enddocument detected (standard20110627).
)
\Fld@listcount=\count307
\c@bookmark@seq@number=\count308

("C:\Users\Bipin Kumar Mishr\tapas data\installation\latex\miktex\tex/latex/rer
unfilecheck\rerunfilecheck.sty"
Package: rerunfilecheck 2019/12/05 v1.9 Rerun checks for auxiliary files (HO)

("C:\Users\Bipin Kumar Mishr\tapas data\installation\latex\miktex\tex/generic/u
niquecounter\uniquecounter.sty"
Package: uniquecounter 2019/12/15 v1.4 Provide unlimited unique counter (HO)
)
Package uniquecounter Info: New unique counter `rerunfilecheck' on input line 2
86.
)
\Hy@SectionHShift=\skip82
)
("C:\Users\Bipin Kumar Mishr\tapas data\installation\latex\miktex\tex/latex/bre
akurl\breakurl.sty"
Package: breakurl 2013/04/10 v1.40 Breakable hyperref URLs

("C:\Users\Bipin Kumar Mishr\tapas data\installation\latex\miktex\tex/latex/xke
yval\xkeyval.sty"
Package: xkeyval 2014/12/03 v2.7a package option processing (HA)

("C:\Users\Bipin Kumar Mishr\tapas data\installation\latex\miktex\tex/generic/x
keyval\xkeyval.tex"
("C:\Users\Bipin Kumar Mishr\tapas data\installation\latex\miktex\tex/generic/x
keyval\xkvutils.tex"
\XKV@toks=\toks40
\XKV@tempa@toks=\toks41
)
\XKV@depth=\count309
File: xkeyval.tex 2014/12/03 v2.7a key=value parser (HA)
))
("C:\Users\Bipin Kumar Mishr\tapas data\installation\latex\miktex\tex/generic/i
ftex\ifpdf.sty"
Package: ifpdf 2019/10/25 v3.4 ifpdf legacy package. Use iftex instead.
)

Package breakurl Warning: You are using breakurl while processing via pdflatex.

(breakurl)                \burl will be just a synonym of \url.
(breakurl)                 on input line 48.

)
\c@thm=\count310

("C:\Users\Bipin Kumar Mishr\tapas data\installation\latex\miktex\tex/latex/l3b
ackend\l3backend-pdfmode.def"
File: l3backend-pdfmode.def 2020-02-03 L3 backend support: PDF mode
\l__kernel_color_stack_int=\count311
\l__pdf_internal_box=\box58
) (thesis.aux)
\openout1 = `thesis.aux'.

LaTeX Font Info:    Checking defaults for OML/cmm/m/it on input line 367.
LaTeX Font Info:    ... okay on input line 367.
LaTeX Font Info:    Checking defaults for OMS/cmsy/m/n on input line 367.
LaTeX Font Info:    ... okay on input line 367.
LaTeX Font Info:    Checking defaults for OT1/cmr/m/n on input line 367.
LaTeX Font Info:    ... okay on input line 367.
LaTeX Font Info:    Checking defaults for T1/cmr/m/n on input line 367.
LaTeX Font Info:    ... okay on input line 367.
LaTeX Font Info:    Checking defaults for TS1/cmr/m/n on input line 367.
LaTeX Font Info:    ... okay on input line 367.
LaTeX Font Info:    Checking defaults for OMX/cmex/m/n on input line 367.
LaTeX Font Info:    ... okay on input line 367.
LaTeX Font Info:    Checking defaults for U/cmr/m/n on input line 367.
LaTeX Font Info:    ... okay on input line 367.
LaTeX Font Info:    Checking defaults for PD1/pdf/m/n on input line 367.
LaTeX Font Info:    ... okay on input line 367.
LaTeX Font Info:    Trying to load font information for OT1+ptm on input line 3
67.

("C:\Users\Bipin Kumar Mishr\tapas data\installation\latex\miktex\tex/latex/psn
fss\ot1ptm.fd"
File: ot1ptm.fd 2001/06/04 font definitions for OT1/ptm.
)
\AtBeginShipoutBox=\box59

("C:\Users\Bipin Kumar Mishr\tapas data\installation\latex\miktex\tex/context/b
ase/mkii\supp-pdf.mkii"
[Loading MPS to PDF converter (version 2006.09.02).]
\scratchcounter=\count312
\scratchdimen=\dimen197
\scratchbox=\box60
\nofMPsegments=\count313
\nofMParguments=\count314
\everyMPshowfont=\toks42
\MPscratchCnt=\count315
\MPscratchDim=\dimen198
\MPnumerator=\count316
\makeMPintoPDFobject=\count317
\everyMPtoPDFconversion=\toks43
)
("C:\Users\Bipin Kumar Mishr\tapas data\installation\latex\miktex\tex/latex/pdf
lscape\pdflscape.sty"
Package: pdflscape 2019/12/05 v0.12 Display of landscape pages in PDF (HO)
Package pdflscape Info: Auto-detected driver: pdftex on input line 81.
)
*geometry* driver: auto-detecting
*geometry* detected driver: pdftex
*geometry* verbose mode - [ preamble ] result:
* driver: pdftex
* paper: <default>
* layout: <same size as paper>
* layoutoffset:(h,v)=(0.0pt,0.0pt)
* modes: 
* h-part:(L,W,R)=(89.62709pt, 418.25368pt, 89.6271pt)
* v-part:(T,H,B)=(101.40665pt, 591.5302pt, 152.11pt)
* \paperwidth=597.50787pt
* \paperheight=845.04684pt
* \textwidth=418.25368pt
* \textheight=591.5302pt
* \oddsidemargin=17.3571pt
* \evensidemargin=17.3571pt
* \topmargin=2.03543pt
* \headheight=9.03374pt
* \headsep=18.06749pt
* \topskip=11.0pt
* \footskip=18.06749pt
* \marginparwidth=72.0pt
* \marginparsep=0.0pt
* \columnsep=10.0pt
* \skip\footins=10.0pt plus 4.0pt minus 2.0pt
* \hoffset=0.0pt
* \voffset=0.0pt
* \mag=1000
* \@twocolumnfalse
* \@twosidefalse
* \@mparswitchfalse
* \@reversemarginfalse
* (1in=72.27pt=25.4mm, 1cm=28.453pt)

Package caption Info: Begin \AtBeginDocument code.
Package caption Info: subfig package v1.3 is loaded.
Package caption Info: hyperref package is loaded.
Package caption Info: rotating package is loaded.
Package caption Info: threeparttable package is loaded.
Package caption Info: End \AtBeginDocument code.
Package hyperref Info: Link coloring ON on input line 367.

("C:\Users\Bipin Kumar Mishr\tapas data\installation\latex\miktex\tex/latex/hyp
erref\nameref.sty"
Package: nameref 2019/09/16 v2.46 Cross-referencing by name of section

("C:\Users\Bipin Kumar Mishr\tapas data\installation\latex\miktex\tex/latex/ref
count\refcount.sty"
Package: refcount 2019/12/15 v3.6 Data extraction from label references (HO)
)
("C:\Users\Bipin Kumar Mishr\tapas data\installation\latex\miktex\tex/generic/g
ettitlestring\gettitlestring.sty"
Package: gettitlestring 2019/12/15 v1.6 Cleanup title references (HO)
)
\c@section@level=\count318
)
LaTeX Info: Redefining \ref on input line 367.
LaTeX Info: Redefining \pageref on input line 367.
LaTeX Info: Redefining \nameref on input line 367.
 (thesis.out) (thesis.out)
\@outlinefile=\write5
\openout5 = `thesis.out'.

 [1


{C:/Users/Bipin Kumar Mishr/AppData/Local/MiKTeX/2.9/pdftex/config/pdftex.map}]
pdfTeX warning (ext4): destination with the same identifier (name{bm:Title.0}) 
has been already used, duplicate ignored
<to be read again> 
                   \relax 
l.374 \makepreliminarypages
                           
Package epstopdf Info: Source file: <iiitglogo.eps>
(epstopdf)                    date: 2020-03-07 21:50:18
(epstopdf)                    size: 263501 bytes
(epstopdf)             Output file: <iiitglogo-eps-converted-to.pdf>
(epstopdf)                    date: 2020-03-07 21:50:18
(epstopdf)                    size: 6919 bytes
(epstopdf)             Command: <epstopdf --outfile=iiitglogo-eps-converted-to.
pdf iiitglogo.eps>
(epstopdf)             \includegraphics on input line 374.
Package epstopdf Info: Output file is already uptodate.
<iiitglogo-eps-converted-to.pdf, id=105, 83.31125pt x 79.29625pt>
File: iiitglogo-eps-converted-to.pdf Graphic file (type pdf)
<use iiitglogo-eps-converted-to.pdf>
Package pdftex.def Info: iiitglogo-eps-converted-to.pdf  used on input line 374
.
(pdftex.def)             Requested size: 86.72377pt x 82.54962pt.
LaTeX Font Info:    Trying to load font information for TS1+ptm on input line 3
74.

("C:\Users\Bipin Kumar Mishr\tapas data\installation\latex\miktex\tex/latex/psn
fss\ts1ptm.fd"
File: ts1ptm.fd 2001/06/04 font definitions for TS1/ptm.
) [2


 <./iiitglogo-eps-converted-to.pdf>] [3


] [4


]
(texfiles/acknowledgments.tex) [5


] (texfiles/abstract.tex) [6


]
(texfiles/abrreviation.tex
LaTeX Font Info:    Trying to load font information for U+rsfs on input line 4.


("C:\Users\Bipin Kumar Mishr\tapas data\installation\latex\miktex\tex/latex/jkn
appen\ursfs.fd"
File: ursfs.fd 1998/03/24 rsfs font definition file (jk)
)
LaTeX Font Info:    Trying to load font information for U+msa on input line 4.

("C:\Users\Bipin Kumar Mishr\tapas data\installation\latex\miktex\tex/latex/ams
fonts\umsa.fd"
File: umsa.fd 2013/01/14 v3.01 AMS symbols A
)
LaTeX Font Info:    Trying to load font information for U+msb on input line 4.

("C:\Users\Bipin Kumar Mishr\tapas data\installation\latex\miktex\tex/latex/ams
fonts\umsb.fd"
File: umsb.fd 2013/01/14 v3.01 AMS symbols B
)) [7




] (texfiles/symbol.tex) [8


] (thesis.toc)
\tf@toc=\write6
\openout6 = `thesis.toc'.

 [9





] (thesis.lof

LaTeX Warning: Citation `cloud33' on page x undefined on input line 3.

)
\tf@lof=\write7
\openout7 = `thesis.lof'.

 [10



] (texfiles/Chapter1.tex
Chapter 1.
[1






]
! Missing $ inserted.
<inserted text> 
                $
l.35 ...d them, most anomalies are 1:1000 to 1:10^
                                                  6 events where classes are...
I've inserted a begin-math/end-math symbol since I think
you left one out. Proceed, with fingers crossed.

! Missing $ inserted.
<inserted text> 
                $
l.37 \begin{itemize}
                    
I've inserted a begin-math/end-math symbol since I think
you left one out. Proceed, with fingers crossed.

! Missing \endgroup inserted.
<inserted text> 
                \endgroup 
l.37 \begin{itemize}
                    
I've inserted something that you may have forgotten.
(See the <inserted text> above.)
With luck, this will get me unwedged. But if you
really didn't forget anything, try typing `2' now; then
my insertion and my current dilemma will both disappear.


Overfull \hbox (537.97011pt too wide) in paragraph at lines 29--37
\OT1/ptm/m/n/10.95 anoma-lies are 1:1000 to 1:10$[]\OML/cmm/m/it/10.95 eventswh
ereclassesarenotbalanced:Moreover; themostdata; suchasdatafromIoTusecases; woul
dbeautocorrelated:Toeffectivelyclassifyandpredicttheanomaliesinsystem:$ 
 []


! LaTeX Error: Something's wrong--perhaps a missing \item.

See the LaTeX manual or LaTeX Companion for explanation.
Type  H <return>  for immediate help.
 ...                                              
                                                  
l.40 \end{itemize}
                  
Try typing  <return>  to proceed.
If that doesn't work, type  X <return>  to quit.


Underfull \hbox (badness 10000) in paragraph at lines 38--40

 []


Package Fancyhdr Warning: \headheight is too small (9.03374pt): 
Make it at least 13.59999pt.
We now make it that large for the rest of the document.
This may cause the page layout to be inconsistent, however.

[2]

! LaTeX Error: \begin{document} ended by \end{itemize}.

See the LaTeX manual or LaTeX Companion for explanation.
Type  H <return>  for immediate help.
 ...                                              
                                                  
l.40 \end{itemize}
                  
Your command was ignored.
Type  I <command> <return>  to replace it with another command,
or  <return>  to continue without it.

! Extra \endgroup.
<recently read> \endgroup 
                          
l.40 \end{itemize}
                  
Things are pretty mixed up, but I think the worst is over.


Underfull \hbox (badness 10000) in paragraph at lines 58--63

 []

) [3] (texfiles/chapter2.tex
Chapter 2.
<texfiles/images/Cloud_computing.png, id=200, 1204.5pt x 1091.07625pt>
File: texfiles/images/Cloud_computing.png Graphic file (type png)
<use texfiles/images/Cloud_computing.png>
Package pdftex.def Info: texfiles/images/Cloud_computing.png  used on input lin
e 7.
(pdftex.def)             Requested size: 284.52756pt x 257.73483pt.

LaTeX Warning: Citation `cloud33' on page 4 undefined on input line 8.


LaTeX Warning: Citation `cloud33' on page 4 undefined on input line 8.


LaTeX Warning: Citation `mell62011' on page 4 undefined on input line 14.


LaTeX Warning: Citation `fernandes2014security' on page 4 undefined on input li
ne 19.


LaTeX Warning: Citation `de2019cyber' on page 4 undefined on input line 35.


LaTeX Warning: Citation `linthicum2017connecting' on page 4 undefined on input 
line 40.


LaTeX Warning: Citation `shen2017block' on page 4 undefined on input line 41.


LaTeX Warning: Citation `shirazi2017extended' on page 4 undefined on input line
 42.


Underfull \hbox (badness 10000) in paragraph at lines 4--43

 []

[4



] [5 <./texfiles/images/Cloud_computing.png>]

LaTeX Warning: Citation `shirazi2017extended' on page 6 undefined on input line
 44.


LaTeX Warning: Citation `kolias2017ddos' on page 6 undefined on input line 47.

) [6] (texfiles/chapter3.tex
Chapter 3.

Overfull \hbox (2.41966pt too wide) in paragraph at lines 3--4
\OT1/ptm/m/n/10.95 We have stud-ied var-i-ous anomaly de-tec-tion tech-niques d
e-ployed by cloud ser-vice providers
 []


Underfull \hbox (badness 10000) in paragraph at lines 3--4

 []


LaTeX Warning: Citation `microsf41' on page 7 undefined on input line 5.


LaTeX Warning: Citation `mslinks2' on page 7 undefined on input line 10.


Underfull \hbox (badness 10000) in paragraph at lines 5--11

 []


Underfull \hbox (badness 10000) in paragraph at lines 5--11

 []


Underfull \hbox (badness 10000) in paragraph at lines 5--11

 []


Underfull \hbox (badness 10000) in paragraph at lines 5--11

 []

[7



]

LaTeX Warning: Citation `amazon2' on page 8 undefined on input line 12.


LaTeX Warning: Citation `google31' on page 8 undefined on input line 14.


Underfull \hbox (badness 10000) in paragraph at lines 14--15

 []


Underfull \hbox (badness 10000) in paragraph at lines 21--23

 []

[8]
<texfiles/images/gcp_security_model1.jpg, id=223, 594.72188pt x 250.68657pt>
File: texfiles/images/gcp_security_model1.jpg Graphic file (type jpg)
<use texfiles/images/gcp_security_model1.jpg>
Package pdftex.def Info: texfiles/images/gcp_security_model1.jpg  used on input
 line 27.
(pdftex.def)             Requested size: 594.72043pt x 250.68594pt.

Overfull \hbox (176.46675pt too wide) in paragraph at lines 27--28
 [][] 
 []

) [9 <./texfiles/images/gcp_security_model1.jpg>] (texfiles/Chapter4.tex
Chapter 4.

Underfull \hbox (badness 10000) in paragraph at lines 3--13

 []


Underfull \hbox (badness 10000) in paragraph at lines 3--13

 []


Underfull \hbox (badness 10000) in paragraph at lines 3--13

 []


Underfull \hbox (badness 10000) in paragraph at lines 3--13

 []


Underfull \hbox (badness 10000) in paragraph at lines 3--13

 []

<texfiles/images/flow_diagram.jpg, id=229, 179.92218pt x 320.69812pt>
File: texfiles/images/flow_diagram.jpg Graphic file (type jpg)
<use texfiles/images/flow_diagram.jpg>
Package pdftex.def Info: texfiles/images/flow_diagram.jpg  used on input line 1
7.
(pdftex.def)             Requested size: 179.92174pt x 320.69733pt.

Underfull \hbox (badness 10000) in paragraph at lines 14--22

 []

[10



] [11 <./texfiles/images/flow_diagram.jpg>]
<texfiles/images/feature_extraction_in_code1.jpg, id=238, 859.71187pt x 286.068
76pt>
File: texfiles/images/feature_extraction_in_code1.jpg Graphic file (type jpg)
<use texfiles/images/feature_extraction_in_code1.jpg>
Package pdftex.def Info: texfiles/images/feature_extraction_in_code1.jpg  used 
on input line 25.
(pdftex.def)             Requested size: 859.70976pt x 286.06805pt.

Overfull \hbox (441.45609pt too wide) in paragraph at lines 25--26
 [][] 
 []

<texfiles/images/number_of_attacks.jpg, id=239, 482.55281pt x 389.95688pt>
File: texfiles/images/number_of_attacks.jpg Graphic file (type jpg)
<use texfiles/images/number_of_attacks.jpg>
Package pdftex.def Info: texfiles/images/number_of_attacks.jpg  used on input l
ine 32.
(pdftex.def)             Requested size: 482.55162pt x 389.95592pt.

Overfull \hbox (64.29794pt too wide) in paragraph at lines 32--33
 [][] 
 []

) [12 <./texfiles/images/feature_extraction_in_code1.jpg>] [13 <./texfiles/imag
es/number_of_attacks.jpg>] (texfiles/conclusion.tex
Chapter 5.
) [14



]
No file thesis.bbl.
(texfiles/cv.tex)
Package atveryend Info: Empty hook `BeforeClearDocument' on input line 476.
 [15







]
Package atveryend Info: Empty hook `AfterLastShipout' on input line 476.
 (thesis.aux)
Package atveryend Info: Executing hook `AtVeryEndDocument' on input line 476.
Package atveryend Info: Executing hook `AtEndAfterFileList' on input line 476.
Package rerunfilecheck Info: File `thesis.out' has not changed.
(rerunfilecheck)             Checksum: 211AB70ACD85147023F746F504BA7749;1487.


LaTeX Warning: There were undefined references.

Package atveryend Info: Empty hook `AtVeryVeryEnd' on input line 476.
 ) 
Here is how much of TeX's memory you used:
 11473 strings out of 481556
 182572 string characters out of 2906857
 453351 words of memory out of 3000000
 26326 multiletter control sequences out of 15000+200000
 557132 words of font info for 72 fonts, out of 3000000 for 9000
 1141 hyphenation exceptions out of 8191
 50i,11n,79p,1153b,450s stack positions out of 5000i,500n,10000p,200000b,50000s
{C:/Users/Bipin Kumar Mishr/tapas data/installation/latex/miktex/fonts/enc/dv
ips/base/8r.enc}<C:/Users/Bipin Kumar Mishr/tapas data/installation/latex/mikte
x/fonts/type1/public/amsfonts/cm/cmmi10.pfb><C:/Users/Bipin Kumar Mishr/tapas d
ata/installation/latex/miktex/fonts/type1/public/amsfonts/cm/cmr8.pfb><C:/Users
/Bipin Kumar Mishr/tapas data/installation/latex/miktex/fonts/type1/urw/times/u
tmb8a.pfb><C:/Users/Bipin Kumar Mishr/tapas data/installation/latex/miktex/font
s/type1/urw/times/utmbi8a.pfb><C:/Users/Bipin Kumar Mishr/tapas data/installati
on/latex/miktex/fonts/type1/urw/times/utmr8a.pfb><C:/Users/Bipin Kumar Mishr/ta
pas data/installation/latex/miktex/fonts/type1/urw/times/utmr8a.pfb><C:/Users/B
ipin Kumar Mishr/tapas data/installation/latex/miktex/fonts/type1/urw/times/utm
ri8a.pfb>
Output written on thesis.pdf (25 pages, 575620 bytes).
PDF statistics:
 300 PDF objects out of 1000 (max. 8388607)
 61 named destinations out of 1000 (max. 500000)
 223 words of extra memory for PDF output out of 10000 (max. 10000000)

